e 0 1 27.51363298439521
e 0 2 17.08800749063506
e 0 3 27.018512172212592
e 0 4 33.12099032335839
e 0 5 30.364452901377952
e 0 6 22.090722034374522
e 0 7 9.433981132056603
e 1 2 10.44030650891055
e 1 3 26.476404589747453
e 1 4 25.179356624028344
e 1 5 3.0
e 1 6 11.704699910719626
e 1 7 18.439088914585774
e 2 3 23.53720459187964
e 2 4 25.553864678361276
e 2 5 13.341664064126334
e 2 6 10.0
e 2 7 8.06225774829855
e 3 4 8.06225774829855
e 3 5 27.202941017470888
e 3 6 15.033296378372908
e 3 7 25.553864678361276
e 4 5 25.0
e 4 6 15.652475842498529
e 4 7 29.698484809834994
e 5 6 13.038404810405298
e 5 7 21.37755832643195
e 6 7 15.652475842498529
